../tests/fib
0x80000000: lui    sp, 0x80020000
0x80000004: addi   a0, zero, 5
0x80000008: jal    ra, 0x80000010
0x8000000c: ebreak
0x80000010: addi   a5, zero, 1
0x80000014: bge    a5, a0, 0x80000058
0x80000018: addi   sp, sp, -16
0x8000001c: sw     ra, 12(sp)
0x80000020: sw     s0, 8(sp)
0x80000024: sw     s1, 4(sp)
0x80000028: addi   s0, a0, 0
0x8000002c: addi   a0, a0, -1
0x80000030: jal    ra, 0x80000010
0x80000034: addi   s1, a0, 0
0x80000038: addi   a0, s0, -2
0x8000003c: jal    ra, 0x80000010
0x80000040: add    a0, s1, a0
0x80000044: lw     ra, 12(sp)
0x80000048: lw     s0, 8(sp)
0x8000004c: lw     s1, 4(sp)
0x80000050: addi   sp, sp, 16
0x80000054: jalr   zero, ra, 0
0x80000058: addi   a0, zero, 1
0x8000005c: jalr   zero, ra, 0
[ebreak] Stop Simulation
Simulation Finished
-------------
zero ($0): 0x00000000    ra ($1):   0x8000000c    sp ($2):   0x80020000    gp ($3):   0x00000000    
tp ($4):   0x00000000    t0 ($5):   0x00000000    t1 ($6):   0x00000000    t2 ($7):   0x00000000    
s0 ($8):   0x00000000    s1 ($9):   0x00000000    a0 ($10):  0x00000008    a1 ($11):  0x00000000    
a2 ($12):  0x00000000    a3 ($13):  0x00000000    a4 ($14):  0x00000000    a5 ($15):  0x00000001    
a6 ($16):  0x00000000    a7 ($17):  0x00000000    s2 ($18):  0x00000000    s3 ($19):  0x00000000    
s4 ($20):  0x00000000    s5 ($21):  0x00000000    s6 ($22):  0x00000000    s7 ($23):  0x00000000    
s8 ($24):  0x00000000    s9 ($25):  0x00000000    s10 ($26): 0x00000000    s11 ($27): 0x00000000    
t3 ($28):  0x00000000    t4 ($29):  0x00000000    t5 ($30):  0x00000000    t6 ($31):  0x00000000    
162 instructions executed in 162 cycles. CPI = 1.000
Data transfer:    42 instructions (25.93%)
ALU operation:    74 instructions (45.68%)
Control transfer: 46 instructions (28.40%)
