../tests/mm_100
0x80000000: lui    sp, 0x80f10000
0x80000004: addi   sp, sp, -16
0x80000008: sw     ra, 12(sp)
0x8000000c: sw     s0, 8(sp)
0x80000010: addi   s0, sp, 16
0x80000014: lui    a5, 0xffff6000
0x80000018: addi   a5, a5, 960
0x8000001c: add    sp, sp, a5
0x80000020: addi   t5, sp, 0
0x80000024: add    sp, sp, a5
0x80000028: addi   t0, sp, 0
0x8000002c: add    sp, sp, a5
0x80000030: addi   t6, sp, 0
0x80000034: addi   t4, sp, 0
0x80000038: addi   t3, t0, 0
0x8000003c: addi   t1, t5, 0
0x80000040: addi   a0, zero, 100
0x80000044: addi   a7, zero, 0
0x80000048: addi   t2, a0, 0
0x8000004c: addi   a6, a7, 0
0x80000050: addi   a1, t4, 0
0x80000054: addi   a2, t3, 0
0x80000058: addi   a5, a7, 0
0x8000005c: addi   a3, t1, 0
0x80000060: addi   a4, zero, 0
0x80000064: sw     a4, 0(a3)
0x80000068: sw     a5, 0(a2)
0x8000006c: sw     zero, 0(a1)
0x80000070: add    a4, a4, a6
0x80000074: addi   a3, a3, 4
0x80000078: addi   a5, a5, 1
0x8000007c: addi   a2, a2, 4
0x80000080: addi   a1, a1, 4
0x80000084: bne    a5, a0, 0x80000064
0x80000088: addi   a7, a7, 1
0x8000008c: addi   t1, t1, 400
0x80000090: addi   t3, t3, 400
0x80000094: addi   t4, t4, 400
0x80000098: addi   a0, a0, 1
0x8000009c: bne    a7, t2, 0x8000004c
0x800000a0: addi   t3, zero, 0
0x800000a4: lui    t2, 0x0a000
0x800000a8: addi   t2, t2, -960
0x800000ac: lui    t1, 0x0a000
0x800000b0: addi   t1, t1, -560
0x800000b4: add    t1, t0, t1
0x800000b8: lui    t4, 0xffff6000
0x800000bc: addi   t4, t4, 960
0x800000c0: add    a6, t6, t3
0x800000c4: add    a0, t0, t2
0x800000c8: addi   a7, a6, 0
0x800000cc: lw     a2, 0(a6)
0x800000d0: add    a3, t5, t3
0x800000d4: add    a5, a0, t4
0x800000d8: lw     a4, 0(a3)
0x800000dc: lw     a1, 0(a5)
0x800000e0: mul    a4, a4, a1
0x800000e4: add    a2, a2, a4
0x800000e8: addi   a3, a3, 4
0x800000ec: addi   a5, a5, 400
0x800000f0: bne    a5, a0, 0x800000d8
0x800000f4: sw     a2, 0(a7)
0x800000f8: addi   a6, a6, 4
0x800000fc: addi   a0, a0, 4
0x80000100: bne    a0, t1, 0x800000c8
0x80000104: addi   t3, t3, 400
0x80000108: bne    t3, t2, 0x800000c0
0x8000010c: lui    a5, 0x0a000
0x80000110: add    t6, t6, a5
0x80000114: lw     a0, -964(t6)
0x80000118: addi   sp, s0, -16
0x8000011c: lw     ra, 12(sp)
0x80000120: lw     s0, 8(sp)
0x80000124: addi   sp, sp, 16
0x80000128: ebreak
[ebreak] Stop Simulation
Simulation Finished
-------------
zero ($0): 0x00000000    ra ($1):   0x00000000    sp ($2):   0x80f10000    gp ($3):   0x00000000    
tp ($4):   0x00000000    t0 ($5):   0x80efc770    t1 ($6):   0x80f06540    t2 ($7):   0x00009c40    
s0 ($8):   0x00000000    s1 ($9):   0x00000000    a0 ($10):  0x04d44aa0    a1 ($11):  0x000000c6    
a2 ($12):  0x04d44aa0    a3 ($13):  0x80f0fff0    a4 ($14):  0x001d9c76    a5 ($15):  0x0000a000    
a6 ($16):  0x80efc770    a7 ($17):  0x80efc76c    s2 ($18):  0x00000000    s3 ($19):  0x00000000    
s4 ($20):  0x00000000    s5 ($21):  0x00000000    s6 ($22):  0x00000000    s7 ($23):  0x00000000    
s8 ($24):  0x00000000    s9 ($25):  0x00000000    s10 ($26): 0x00000000    s11 ($27): 0x00000000    
t3 ($28):  0x00009c40    t4 ($29):  0xffff63c0    t5 ($30):  0x80f063b0    t6 ($31):  0x80efcb30    
7171635 instructions executed in 7171635 cycles. CPI = 1.000
Data transfer:    2050005 instructions (28.58%)
ALU operation:    4101429 instructions (57.19%)
Control transfer: 1020201 instructions (14.23%)
