../tests/qsort_s
0x80000000: lui    sp, 0x80f10000
0x80000004: addi   sp, sp, -48
0x80000008: sw     ra, 44(sp)
0x8000000c: sw     s0, 40(sp)
0x80000010: addi   a5, zero, 0
0x80000014: jal    zero, 0x80000044
0x80000018: addi   a2, a5, 1
0x8000001c: slli   a3, a2, 2
0x80000020: add    a3, a3, a2
0x80000024: slli   a4, a3, 1
0x80000028: mul    a3, a5, a5
0x8000002c: sub    a4, a4, a3
0x80000030: slli   a5, a5, 2
0x80000034: addi   a3, sp, 8
0x80000038: add    a5, a5, a3
0x8000003c: sw     a4, 0(a5)
0x80000040: addi   a5, a2, 0
0x80000044: addi   a4, zero, 5
0x80000048: bge    a4, a5, 0x80000018
0x8000004c: addi   s0, sp, 8
0x80000050: addi   a2, a4, 0
0x80000054: addi   a1, zero, 0
0x80000058: addi   a0, s0, 0
0x8000005c: jal    ra, 0x80000148
0x80000060: lw     t0, 0(s0)
0x80000064: lw     t1, 4(s0)
0x80000068: lw     t2, 8(s0)
0x8000006c: lw     t3, 12(s0)
0x80000070: lw     t4, 16(s0)
0x80000074: lw     t5, 20(s0)
0x80000078: lw     a0, 8(sp)
0x8000007c: lw     ra, 44(sp)
0x80000080: lw     s0, 40(sp)
0x80000084: addi   sp, sp, 48
0x80000088: ebreak
0x8000008c: lw     a5, 0(a0)
0x80000090: lw     a4, 0(a1)
0x80000094: sw     a4, 0(a0)
0x80000098: sw     a5, 0(a1)
0x8000009c: jalr   zero, ra, 0
0x800000a0: addi   sp, sp, -32
0x800000a4: sw     ra, 28(sp)
0x800000a8: sw     s0, 24(sp)
0x800000ac: sw     s1, 20(sp)
0x800000b0: sw     s2, 16(sp)
0x800000b4: sw     s3, 12(sp)
0x800000b8: sw     s4, 8(sp)
0x800000bc: sw     s5, 4(sp)
0x800000c0: addi   s1, a0, 0
0x800000c4: addi   s0, a1, 0
0x800000c8: addi   s2, a2, 0
0x800000cc: slli   s5, a2, 2
0x800000d0: add    s5, a0, s5
0x800000d4: lw     s4, 0(s5)
0x800000d8: addi   s3, a1, -1
0x800000dc: jal    zero, 0x800000e4
0x800000e0: addi   s0, s0, 1
0x800000e4: bge    s0, s2, 0x8000010c
0x800000e8: slli   a1, s0, 2
0x800000ec: add    a1, s1, a1
0x800000f0: lw     a5, 0(a1)
0x800000f4: bge    a5, s4, 0x800000e0
0x800000f8: addi   s3, s3, 1
0x800000fc: slli   a0, s3, 2
0x80000100: add    a0, s1, a0
0x80000104: jal    ra, 0x8000008c
0x80000108: jal    zero, 0x800000e0
0x8000010c: addi   s3, s3, 1
0x80000110: slli   a0, s3, 2
0x80000114: addi   a1, s5, 0
0x80000118: add    a0, s1, a0
0x8000011c: jal    ra, 0x8000008c
0x80000120: addi   a0, s3, 0
0x80000124: lw     ra, 28(sp)
0x80000128: lw     s0, 24(sp)
0x8000012c: lw     s1, 20(sp)
0x80000130: lw     s2, 16(sp)
0x80000134: lw     s3, 12(sp)
0x80000138: lw     s4, 8(sp)
0x8000013c: lw     s5, 4(sp)
0x80000140: addi   sp, sp, 32
0x80000144: jalr   zero, ra, 0
0x80000148: blt    a1, a2, 0x80000150
0x8000014c: jalr   zero, ra, 0
0x80000150: addi   sp, sp, -32
0x80000154: sw     ra, 28(sp)
0x80000158: sw     s0, 24(sp)
0x8000015c: sw     s1, 20(sp)
0x80000160: sw     s2, 16(sp)
0x80000164: sw     s3, 12(sp)
0x80000168: addi   s2, a0, 0
0x8000016c: addi   s1, a1, 0
0x80000170: addi   s0, a2, 0
0x80000174: jal    ra, 0x800000a0
0x80000178: addi   s3, a0, 0
0x8000017c: addi   a2, a0, -1
0x80000180: addi   a1, s1, 0
0x80000184: addi   a0, s2, 0
0x80000188: jal    ra, 0x80000148
0x8000018c: addi   a2, s0, 0
0x80000190: addi   a1, s3, 1
0x80000194: addi   a0, s2, 0
0x80000198: jal    ra, 0x80000148
0x8000019c: lw     ra, 28(sp)
0x800001a0: lw     s0, 24(sp)
0x800001a4: lw     s1, 20(sp)
0x800001a8: lw     s2, 16(sp)
0x800001ac: lw     s3, 12(sp)
0x800001b0: addi   sp, sp, 32
0x800001b4: jalr   zero, ra, 0
[ebreak] Stop Simulation
Simulation Finished
-------------
zero ($0): 0x00000000    ra ($1):   0x00000000    sp ($2):   0x80f10000    gp ($3):   0x00000000    
tp ($4):   0x00000000    t0 ($5):   0x0000000a    t1 ($6):   0x00000013    t2 ($7):   0x0000001a    
s0 ($8):   0x00000000    s1 ($9):   0x00000000    a0 ($10):  0x0000000a    a1 ($11):  0x00000006    
a2 ($12):  0x00000005    a3 ($13):  0x80f0ffd8    a4 ($14):  0x00000013    a5 ($15):  0x00000013    
a6 ($16):  0x00000000    a7 ($17):  0x00000000    s2 ($18):  0x00000000    s3 ($19):  0x00000000    
s4 ($20):  0x00000000    s5 ($21):  0x00000000    s6 ($22):  0x00000000    s7 ($23):  0x00000000    
s8 ($24):  0x00000000    s9 ($25):  0x00000000    s10 ($26): 0x00000000    s11 ($27): 0x00000000    
t3 ($28):  0x0000001f    t4 ($29):  0x00000022    t5 ($30):  0x00000023    t6 ($31):  0x00000000    
674 instructions executed in 674 cycles. CPI = 1.000
Data transfer:    237 instructions (35.16%)
ALU operation:    290 instructions (43.03%)
Control transfer: 147 instructions (21.81%)
